#
# There is insufficient memory for the Java Runtime Environment to continue.
# Native memory allocation (malloc) failed to allocate 1640496 bytes for Chunk::new
# Possible reasons:
#   The system is out of physical RAM or swap space
#   In 32 bit mode, the process size limit was hit
# Possible solutions:
#   Reduce memory load on the system
#   Increase physical memory or swap space
#   Check if swap backing store is full
#   Use 64 bit Java on a 64 bit OS
#   Decrease Java heap size (-Xmx/-Xms)
#   Decrease number of Java threads
#   Decrease Java thread stack sizes (-Xss)
#   Set larger code cache with -XX:ReservedCodeCacheSize=
# This output file may be truncated or incomplete.
#
#  Out of Memory Error (allocation.cpp:390), pid=3252, tid=0x0000000000001a0c
#
# JRE version: OpenJDK Runtime Environment (8.0_76-b03) (build 1.8.0_76-release-b03)
# Java VM: OpenJDK 64-Bit Server VM (25.76-b03 mixed mode windows-amd64 compressed oops)
# Failed to write core dump. Minidumps are not enabled by default on client versions of Windows
#

---------------  T H R E A D  ---------------

Current thread (0x00000000165aa800):  JavaThread "C2 CompilerThread0" daemon [_thread_in_native, id=6668, stack(0x0000000017bd0000,0x0000000017cd0000)]

Stack: [0x0000000017bd0000,0x0000000017cd0000]
[error occurred during error reporting (printing stack bounds), id 0xc0000005]

Native frames: (J=compiled Java code, j=interpreted, Vv=VM code, C=native code)


Current CompileTask:
C2:2515017 15526       4       sun.reflect.generics.parser.SignatureParser::parseClassTypeSignature (118 bytes)


---------------  P R O C E S S  ---------------

Java Threads: ( => current thread )
  0x000000002026a800 JavaThread "Stdin handler" [_thread_blocked, id=4436, stack(0x000000001a980000,0x000000001aa80000)]
  0x000000002026c000 JavaThread "Asynchronous log dispatcher for org.gradle.launcher.daemon.server.DefaultDaemonConnection@f42428c" [_thread_blocked, id=6060, stack(0x000000001a880000,0x000000001a980000)]
  0x000000002026d800 JavaThread "Daemon worker Thread 3" [_thread_in_Java, id=3428, stack(0x000000001a780000,0x000000001a880000)]
  0x000000002026b800 JavaThread "Cancel handler" [_thread_blocked, id=5252, stack(0x000000001a680000,0x000000001a780000)]
  0x000000002026a000 JavaThread "Handler for socket connection from /127.0.0.1:33700 to /127.0.0.1:35439" [_thread_in_native, id=6740, stack(0x000000001a580000,0x000000001a680000)]
  0x0000000020269000 JavaThread "Daemon Thread 3" [_thread_blocked, id=4404, stack(0x000000001a480000,0x000000001a580000)]
  0x000000001dbe7800 JavaThread "pool-14-thread-4" [_thread_blocked, id=3164, stack(0x0000000027700000,0x0000000027800000)]
  0x000000002001b000 JavaThread "pool-14-thread-3" [_thread_blocked, id=5340, stack(0x0000000027600000,0x0000000027700000)]
  0x000000002001d800 JavaThread "pool-14-thread-2" [_thread_blocked, id=5808, stack(0x0000000022b00000,0x0000000022c00000)]
  0x0000000020019800 JavaThread "pool-14-thread-1" [_thread_blocked, id=5536, stack(0x000000001f850000,0x000000001f950000)]
  0x0000000020861000 JavaThread "stdout" daemon [_thread_in_native, id=2988, stack(0x0000000026b00000,0x0000000026c00000)]
  0x0000000020860000 JavaThread "stderr" daemon [_thread_in_native, id=624, stack(0x0000000026a00000,0x0000000026b00000)]
  0x000000002085c800 JavaThread "stdout" daemon [_thread_in_native, id=1504, stack(0x0000000026900000,0x0000000026a00000)]
  0x000000002085d000 JavaThread "stderr" daemon [_thread_in_native, id=3444, stack(0x0000000026800000,0x0000000026900000)]
  0x000000002085f800 JavaThread "stdout" daemon [_thread_in_native, id=3064, stack(0x0000000026700000,0x0000000026800000)]
  0x000000002085e800 JavaThread "stderr" daemon [_thread_in_native, id=1436, stack(0x0000000026600000,0x0000000026700000)]
  0x0000000019c91800 JavaThread "stdout" daemon [_thread_in_native, id=6388, stack(0x0000000026500000,0x0000000026600000)]
  0x0000000019c90000 JavaThread "stderr" daemon [_thread_in_native, id=4972, stack(0x0000000026400000,0x0000000026500000)]
  0x0000000019c90800 JavaThread "stdout" daemon [_thread_in_native, id=2900, stack(0x0000000026300000,0x0000000026400000)]
  0x0000000019c92000 JavaThread "stderr" daemon [_thread_in_native, id=6688, stack(0x0000000026200000,0x0000000026300000)]
  0x0000000019c8c000 JavaThread "stdout" daemon [_thread_in_native, id=5988, stack(0x0000000026100000,0x0000000026200000)]
  0x0000000019c8f000 JavaThread "stderr" daemon [_thread_in_native, id=2980, stack(0x0000000026000000,0x0000000026100000)]
  0x0000000019c8b800 JavaThread "stdout" daemon [_thread_in_native, id=4696, stack(0x0000000025f00000,0x0000000026000000)]
  0x0000000019c8e800 JavaThread "stderr" daemon [_thread_in_native, id=2076, stack(0x0000000025e00000,0x0000000025f00000)]
  0x0000000019c8d800 JavaThread "stdout" daemon [_thread_in_native, id=256, stack(0x0000000025c00000,0x0000000025d00000)]
  0x0000000019c8d000 JavaThread "stderr" daemon [_thread_in_native, id=2144, stack(0x0000000025b00000,0x0000000025c00000)]
  0x0000000019c87000 JavaThread "stdout" daemon [_thread_in_native, id=6240, stack(0x0000000025a00000,0x0000000025b00000)]
  0x0000000019c8a000 JavaThread "stderr" daemon [_thread_in_native, id=5932, stack(0x0000000025900000,0x0000000025a00000)]
  0x0000000019c89000 JavaThread "stdout" daemon [_thread_in_native, id=6308, stack(0x0000000025800000,0x0000000025900000)]
  0x0000000019c88800 JavaThread "stderr" daemon [_thread_in_native, id=6380, stack(0x0000000025700000,0x0000000025800000)]
  0x0000000019c87800 JavaThread "stdout" daemon [_thread_in_native, id=300, stack(0x0000000025600000,0x0000000025700000)]
  0x0000000019c83000 JavaThread "stderr" daemon [_thread_in_native, id=4412, stack(0x0000000025500000,0x0000000025600000)]
  0x0000000019c86000 JavaThread "stdout" daemon [_thread_in_native, id=5996, stack(0x0000000025400000,0x0000000025500000)]
  0x0000000019c84800 JavaThread "stderr" daemon [_thread_in_native, id=4496, stack(0x0000000025300000,0x0000000025400000)]
  0x0000000019c85800 JavaThread "stdout" daemon [_thread_in_native, id=4200, stack(0x0000000025200000,0x0000000025300000)]
  0x0000000019c84000 JavaThread "stderr" daemon [_thread_in_native, id=4716, stack(0x0000000025100000,0x0000000025200000)]
  0x0000000020ac9800 JavaThread "png-cruncher_20" daemon [_thread_blocked, id=6324, stack(0x0000000024f00000,0x0000000025000000)]
  0x0000000020ac9000 JavaThread "png-cruncher_19" daemon [_thread_blocked, id=3120, stack(0x0000000024e00000,0x0000000024f00000)]
  0x0000000020acb000 JavaThread "png-cruncher_18" daemon [_thread_blocked, id=5752, stack(0x0000000024d00000,0x0000000024e00000)]
  0x0000000020aca800 JavaThread "png-cruncher_17" daemon [_thread_blocked, id=5608, stack(0x0000000024c00000,0x0000000024d00000)]
  0x0000000020ac5000 JavaThread "png-cruncher_16" daemon [_thread_blocked, id=6452, stack(0x0000000024b00000,0x0000000024c00000)]
  0x0000000020ac6000 JavaThread "png-cruncher_15" daemon [_thread_blocked, id=4040, stack(0x0000000024a00000,0x0000000024b00000)]
  0x0000000020ac8000 JavaThread "png-cruncher_14" daemon [_thread_blocked, id=6948, stack(0x0000000024900000,0x0000000024a00000)]
  0x0000000020ac4800 JavaThread "png-cruncher_13" daemon [_thread_blocked, id=7084, stack(0x0000000024800000,0x0000000024900000)]
  0x0000000020ac6800 JavaThread "png-cruncher_12" daemon [_thread_blocked, id=3380, stack(0x0000000024700000,0x0000000024800000)]
  0x0000000020ac7800 JavaThread "png-cruncher_11" daemon [_thread_blocked, id=4876, stack(0x0000000024600000,0x0000000024700000)]
  0x000000001c612000 JavaThread "stdout" daemon [_thread_in_native, id=6292, stack(0x0000000024500000,0x0000000024600000)]
  0x000000001c611000 JavaThread "stderr" daemon [_thread_in_native, id=5104, stack(0x0000000024400000,0x0000000024500000)]
  0x000000001c613800 JavaThread "stdout" daemon [_thread_in_native, id=5508, stack(0x0000000024300000,0x0000000024400000)]
  0x000000001c612800 JavaThread "stderr" daemon [_thread_in_native, id=3108, stack(0x0000000024200000,0x0000000024300000)]
  0x000000001c60d800 JavaThread "png-cruncher_10" daemon [_thread_blocked, id=4348, stack(0x0000000024100000,0x0000000024200000)]
  0x000000001c610800 JavaThread "png-cruncher_9" daemon [_thread_blocked, id=3840, stack(0x0000000024000000,0x0000000024100000)]
  0x000000001c60f800 JavaThread "png-cruncher_8" daemon [_thread_blocked, id=4924, stack(0x0000000023f00000,0x0000000024000000)]
  0x000000001c60e000 JavaThread "png-cruncher_7" daemon [_thread_blocked, id=984, stack(0x0000000023e00000,0x0000000023f00000)]
  0x000000001c60f000 JavaThread "png-cruncher_6" daemon [_thread_blocked, id=2964, stack(0x0000000023d00000,0x0000000023e00000)]
  0x000000001c609800 JavaThread "stdout" daemon [_thread_in_native, id=6224, stack(0x0000000023c00000,0x0000000023d00000)]
  0x000000001c60c800 JavaThread "stderr" daemon [_thread_in_native, id=6232, stack(0x0000000023b00000,0x0000000023c00000)]
  0x000000001c60c000 JavaThread "stdout" daemon [_thread_in_native, id=2184, stack(0x0000000023a00000,0x0000000023b00000)]
  0x000000001c60b000 JavaThread "stderr" daemon [_thread_in_native, id=1580, stack(0x0000000023900000,0x0000000023a00000)]
  0x000000001c60a800 JavaThread "stdout" daemon [_thread_in_native, id=6716, stack(0x0000000023800000,0x0000000023900000)]
  0x000000001c606000 JavaThread "stderr" daemon [_thread_in_native, id=6228, stack(0x0000000023700000,0x0000000023800000)]
  0x000000001c609000 JavaThread "stdout" daemon [_thread_in_native, id=2328, stack(0x0000000023600000,0x0000000023700000)]
  0x000000001c608000 JavaThread "stderr" daemon [_thread_in_native, id=6836, stack(0x0000000023500000,0x0000000023600000)]
  0x000000001c604800 JavaThread "stdout" daemon [_thread_in_native, id=6016, stack(0x0000000023400000,0x0000000023500000)]
  0x000000001c605000 JavaThread "stderr" daemon [_thread_in_native, id=1524, stack(0x0000000023300000,0x0000000023400000)]
  0x000000001c607800 JavaThread "png-cruncher_5" daemon [_thread_blocked, id=5644, stack(0x0000000023200000,0x0000000023300000)]
  0x000000001c606800 JavaThread "png-cruncher_4" daemon [_thread_blocked, id=6992, stack(0x0000000023100000,0x0000000023200000)]
  0x000000002001f800 JavaThread "png-cruncher_3" daemon [_thread_blocked, id=6824, stack(0x0000000023000000,0x0000000023100000)]
  0x000000002001f000 JavaThread "png-cruncher_2" daemon [_thread_blocked, id=6548, stack(0x0000000022f00000,0x0000000023000000)]
  0x000000002001e000 JavaThread "png-cruncher_1" daemon [_thread_blocked, id=4764, stack(0x0000000022e00000,0x0000000022f00000)]
  0x000000001dbe8000 JavaThread "pool-2-thread-1" [_thread_blocked, id=6072, stack(0x000000001ef50000,0x000000001f050000)]
  0x0000000019862000 JavaThread "File lock request listener" [_thread_in_native, id=176, stack(0x000000001c050000,0x000000001c150000)]
  0x00000000194b4000 JavaThread "pool-1-thread-1" [_thread_blocked, id=5140, stack(0x000000001a380000,0x000000001a480000)]
  0x00000000191e0000 JavaThread "Incoming local TCP Connector on port 33700" [_thread_in_native, id=364, stack(0x0000000018cd0000,0x0000000018dd0000)]
  0x00000000165fe000 JavaThread "Service Thread" daemon [_thread_blocked, id=2152, stack(0x00000000182d0000,0x00000000183d0000)]
  0x00000000165ae000 JavaThread "C1 CompilerThread2" daemon [_thread_blocked, id=6540, stack(0x0000000017dd0000,0x0000000017ed0000)]
  0x00000000165a3000 JavaThread "C2 CompilerThread1" daemon [_thread_in_native, id=1272, stack(0x0000000017cd0000,0x0000000017dd0000)]
=>0x00000000165aa800 JavaThread "C2 CompilerThread0" daemon [_thread_in_native, id=6668, stack(0x0000000017bd0000,0x0000000017cd0000)]
  0x00000000165a9800 JavaThread "Attach Listener" daemon [_thread_blocked, id=4776, stack(0x0000000017ad0000,0x0000000017bd0000)]
  0x00000000165a8000 JavaThread "Signal Dispatcher" daemon [_thread_blocked, id=2504, stack(0x00000000179d0000,0x0000000017ad0000)]
  0x0000000016588800 JavaThread "Finalizer" daemon [_thread_blocked, id=6064, stack(0x00000000177f0000,0x00000000178f0000)]
  0x0000000002c23000 JavaThread "Reference Handler" daemon [_thread_blocked, id=1872, stack(0x00000000176f0000,0x00000000177f0000)]
  0x0000000002b30800 JavaThread "main" [_thread_blocked, id=6872, stack(0x0000000002a30000,0x0000000002b30000)]

Other Threads:
  0x0000000016565000 VMThread [stack: 0x00000000175f0000,0x00000000176f0000] [id=3440]
  0x0000000017f05000 WatcherThread [stack: 0x00000000183d0000,0x00000000184d0000] [id=784]

VM state:not at safepoint (normal execution)

VM Mutex/Monitor currently owned by a thread: None

Heap:
 PSYoungGen      total 353280K, used 26977K [0x00000000e0000000, 0x00000000fd000000, 0x0000000100000000)
  eden space 344064K, 7% used [0x00000000e0000000,0x00000000e1a58570,0x00000000f5000000)
  from space 9216K, 0% used [0x00000000f5000000,0x00000000f5000000,0x00000000f5900000)
  to   space 65536K, 0% used [0x00000000f9000000,0x00000000f9000000,0x00000000fd000000)
 ParOldGen       total 134144K, used 34522K [0x00000000a0000000, 0x00000000a8300000, 0x00000000e0000000)
  object space 134144K, 25% used [0x00000000a0000000,0x00000000a21b6940,0x00000000a8300000)
 Metaspace       used 71232K, capacity 73250K, committed 74880K, reserved 1114112K
  class space    used 8996K, capacity 9401K, committed 9856K, reserved 1048576K

Card table byte_map: [0x0000000011ff0000,0x0000000012300000] byte_map_base: 0x0000000011af0000

Marking Bits: (ParMarkBitMap*) 0x000000006d0b9d00
 Begin Bits: [0x0000000012900000, 0x0000000014100000)
 End Bits:   [0x0000000014100000, 0x0000000015900000)

Polling page: 0x0000000001000000

CodeCache: size=245760Kb used=43261Kb max_used=43339Kb free=202498Kb
 bounds [0x0000000002c30000, 0x00000000056c0000, 0x0000000011c30000]
 total_blobs=13349 nmethods=12576 adapters=684
 compilation: enabled

Compilation events (10 events):
Event: 2513.830 Thread 0x00000000165ae000 15545       3       java.beans.Introspector::addMethod (196 bytes)
Event: 2513.831 Thread 0x00000000165ae000 nmethod 15545 0x000000000308d090 code [0x000000000308d2c0, 0x000000000308df68]
Event: 2513.831 Thread 0x00000000165ae000 15546       1       java.beans.MethodDescriptor::getParamNames (5 bytes)
Event: 2513.832 Thread 0x00000000165ae000 nmethod 15546 0x000000000308cd90 code [0x000000000308cee0, 0x000000000308cff0]
Event: 2513.853 Thread 0x00000000165ae000 15548       3       java.util.AbstractCollection::remove (67 bytes)
Event: 2513.855 Thread 0x00000000165ae000 nmethod 15548 0x00000000054afa10 code [0x00000000054afc00, 0x00000000054b0538]
Event: 2513.856 Thread 0x00000000165ae000 15549       3       org.gradle.model.internal.inspect.ModelRuleExtractor$DefaultExtractedRuleSource$ContextualizedModelAction::getDescriptor (10 bytes)
Event: 2513.857 Thread 0x00000000165ae000 nmethod 15549 0x0000000004badbd0 code [0x0000000004badd40, 0x0000000004badfe8]
Event: 2513.956 Thread 0x00000000165ae000 15550       3       sun.reflect.generics.tree.BooleanSignature::accept (8 bytes)
Event: 2513.956 Thread 0x00000000165ae000 nmethod 15550 0x0000000004d59710 code [0x0000000004d59880, 0x0000000004d59b50]

GC Heap History (10 events):
Event: 2024.574 GC heap before
{Heap before GC invocations=30 (full 4):
 PSYoungGen      total 262144K, used 261548K [0x00000000e0000000, 0x00000000f7200000, 0x0000000100000000)
  eden space 222720K, 100% used [0x00000000e0000000,0x00000000ed980000,0x00000000ed980000)
  from space 39424K, 98% used [0x00000000ed980000,0x00000000eff6b0b0,0x00000000f0000000)
  to   space 45056K, 0% used [0x00000000f4600000,0x00000000f4600000,0x00000000f7200000)
 ParOldGen       total 134144K, used 70386K [0x00000000a0000000, 0x00000000a8300000, 0x00000000e0000000)
  object space 134144K, 52% used [0x00000000a0000000,0x00000000a44bcb58,0x00000000a8300000)
 Metaspace       used 69743K, capacity 71556K, committed 74368K, reserved 1114112K
  class space    used 8792K, capacity 9163K, committed 9856K, reserved 1048576K
Event: 2024.676 GC heap after
Heap after GC invocations=30 (full 4):
 PSYoungGen      total 320512K, used 45053K [0x00000000e0000000, 0x00000000f7900000, 0x0000000100000000)
  eden space 275456K, 0% used [0x00000000e0000000,0x00000000e0000000,0x00000000f0d00000)
  from space 45056K, 99% used [0x00000000f4600000,0x00000000f71ff530,0x00000000f7200000)
  to   space 55296K, 0% used [0x00000000f0d00000,0x00000000f0d00000,0x00000000f4300000)
 ParOldGen       total 134144K, used 78517K [0x00000000a0000000, 0x00000000a8300000, 0x00000000e0000000)
  object space 134144K, 58% used [0x00000000a0000000,0x00000000a4cad660,0x00000000a8300000)
 Metaspace       used 69743K, capacity 71556K, committed 74368K, reserved 1114112K
  class space    used 8792K, capacity 9163K, committed 9856K, reserved 1048576K
}
Event: 2025.794 GC heap before
{Heap before GC invocations=31 (full 4):
 PSYoungGen      total 320512K, used 320509K [0x00000000e0000000, 0x00000000f7900000, 0x0000000100000000)
  eden space 275456K, 100% used [0x00000000e0000000,0x00000000f0d00000,0x00000000f0d00000)
  from space 45056K, 99% used [0x00000000f4600000,0x00000000f71ff530,0x00000000f7200000)
  to   space 55296K, 0% used [0x00000000f0d00000,0x00000000f0d00000,0x00000000f4300000)
 ParOldGen       total 134144K, used 78517K [0x00000000a0000000, 0x00000000a8300000, 0x00000000e0000000)
  object space 134144K, 58% used [0x00000000a0000000,0x00000000a4cad660,0x00000000a8300000)
 Metaspace       used 69762K, capacity 71620K, committed 74368K, reserved 1114112K
  class space    used 8793K, capacity 9163K, committed 9856K, reserved 1048576K
Event: 2025.981 GC heap after
Heap after GC invocations=31 (full 4):
 PSYoungGen      total 330752K, used 55275K [0x00000000e0000000, 0x00000000fd400000, 0x0000000100000000)
  eden space 275456K, 0% used [0x00000000e0000000,0x00000000e0000000,0x00000000f0d00000)
  from space 55296K, 99% used [0x00000000f0d00000,0x00000000f42fad78,0x00000000f4300000)
  to   space 67072K, 0% used [0x00000000f9280000,0x00000000f9280000,0x00000000fd400000)
 ParOldGen       total 134144K, used 86540K [0x00000000a0000000, 0x00000000a8300000, 0x00000000e0000000)
  object space 134144K, 64% used [0x00000000a0000000,0x00000000a54833c0,0x00000000a8300000)
 Metaspace       used 69762K, capacity 71620K, committed 74368K, reserved 1114112K
  class space    used 8793K, capacity 9163K, committed 9856K, reserved 1048576K
}
Event: 2028.152 GC heap before
{Heap before GC invocations=32 (full 4):
 PSYoungGen      total 330752K, used 330611K [0x00000000e0000000, 0x00000000fd400000, 0x0000000100000000)
  eden space 275456K, 99% used [0x00000000e0000000,0x00000000f0ce20c0,0x00000000f0d00000)
  from space 55296K, 99% used [0x00000000f0d00000,0x00000000f42fad78,0x00000000f4300000)
  to   space 67072K, 0% used [0x00000000f9280000,0x00000000f9280000,0x00000000fd400000)
 ParOldGen       total 134144K, used 86540K [0x00000000a0000000, 0x00000000a8300000, 0x00000000e0000000)
  object space 134144K, 64% used [0x00000000a0000000,0x00000000a54833c0,0x00000000a8300000)
 Metaspace       used 70807K, capacity 72690K, committed 74880K, reserved 1114112K
  class space    used 8928K, capacity 9302K, committed 9856K, reserved 1048576K
Event: 2028.259 GC heap after
Heap after GC invocations=32 (full 4):
 PSYoungGen      total 408064K, used 35459K [0x00000000e0000000, 0x00000000fd100000, 0x0000000100000000)
  eden space 344064K, 0% used [0x00000000e0000000,0x00000000e0000000,0x00000000f5000000)
  from space 64000K, 55% used [0x00000000f9280000,0x00000000fb520cf0,0x00000000fd100000)
  to   space 66048K, 0% used [0x00000000f5000000,0x00000000f5000000,0x00000000f9080000)
 ParOldGen       total 134144K, used 102468K [0x00000000a0000000, 0x00000000a8300000, 0x00000000e0000000)
  object space 134144K, 76% used [0x00000000a0000000,0x00000000a6411148,0x00000000a8300000)
 Metaspace       used 70807K, capacity 72690K, committed 74880K, reserved 1114112K
  class space    used 8928K, capacity 9302K, committed 9856K, reserved 1048576K
}
Event: 2028.737 GC heap before
{Heap before GC invocations=33 (full 4):
 PSYoungGen      total 408064K, used 96700K [0x00000000e0000000, 0x00000000fd100000, 0x0000000100000000)
  eden space 344064K, 17% used [0x00000000e0000000,0x00000000e3bce4e8,0x00000000f5000000)
  from space 64000K, 55% used [0x00000000f9280000,0x00000000fb520cf0,0x00000000fd100000)
  to   space 66048K, 0% used [0x00000000f5000000,0x00000000f5000000,0x00000000f9080000)
 ParOldGen       total 134144K, used 102468K [0x00000000a0000000, 0x00000000a8300000, 0x00000000e0000000)
  object space 134144K, 76% used [0x00000000a0000000,0x00000000a6411148,0x00000000a8300000)
 Metaspace       used 70925K, capacity 72798K, committed 74880K, reserved 1114112K
  class space    used 8944K, capacity 9308K, committed 9856K, reserved 1048576K
Event: 2028.855 GC heap after
Heap after GC invocations=33 (full 4):
 PSYoungGen      total 353280K, used 8715K [0x00000000e0000000, 0x00000000fd000000, 0x0000000100000000)
  eden space 344064K, 0% used [0x00000000e0000000,0x00000000e0000000,0x00000000f5000000)
  from space 9216K, 94% used [0x00000000f5000000,0x00000000f5882d68,0x00000000f5900000)
  to   space 65536K, 0% used [0x00000000f9000000,0x00000000f9000000,0x00000000fd000000)
 ParOldGen       total 134144K, used 123886K [0x00000000a0000000, 0x00000000a8300000, 0x00000000e0000000)
  object space 134144K, 92% used [0x00000000a0000000,0x00000000a78fbbf0,0x00000000a8300000)
 Metaspace       used 70925K, capacity 72798K, committed 74880K, reserved 1114112K
  class space    used 8944K, capacity 9308K, committed 9856K, reserved 1048576K
}
Event: 2028.855 GC heap before
{Heap before GC invocations=34 (full 5):
 PSYoungGen      total 353280K, used 8715K [0x00000000e0000000, 0x00000000fd000000, 0x0000000100000000)
  eden space 344064K, 0% used [0x00000000e0000000,0x00000000e0000000,0x00000000f5000000)
  from space 9216K, 94% used [0x00000000f5000000,0x00000000f5882d68,0x00000000f5900000)
  to   space 65536K, 0% used [0x00000000f9000000,0x00000000f9000000,0x00000000fd000000)
 ParOldGen       total 134144K, used 123886K [0x00000000a0000000, 0x00000000a8300000, 0x00000000e0000000)
  object space 134144K, 92% used [0x00000000a0000000,0x00000000a78fbbf0,0x00000000a8300000)
 Metaspace       used 70925K, capacity 72798K, committed 74880K, reserved 1114112K
  class space    used 8944K, capacity 9308K, committed 9856K, reserved 1048576K
Event: 2029.318 GC heap after
Heap after GC invocations=34 (full 5):
 PSYoungGen      total 353280K, used 0K [0x00000000e0000000, 0x00000000fd000000, 0x0000000100000000)
  eden space 344064K, 0% used [0x00000000e0000000,0x00000000e0000000,0x00000000f5000000)
  from space 9216K, 0% used [0x00000000f5000000,0x00000000f5000000,0x00000000f5900000)
  to   space 65536K, 0% used [0x00000000f9000000,0x00000000f9000000,0x00000000fd000000)
 ParOldGen       total 134144K, used 34522K [0x00000000a0000000, 0x00000000a8300000, 0x00000000e0000000)
  object space 134144K, 25% used [0x00000000a0000000,0x00000000a21b6940,0x00000000a8300000)
 Metaspace       used 70898K, capacity 72714K, committed 74880K, reserved 1114112K
  class space    used 8936K, capacity 9294K, committed 9856K, reserved 1048576K
}

Deoptimization events (10 events):
Event: 2513.567 Thread 0x000000002026d800 Uncommon trap: reason=unstable_if action=reinterpret pc=0x000000000307e54c method=java.lang.ref.SoftReference.get()Ljava/lang/Object; @ 6
Event: 2513.567 Thread 0x000000002026d800 Uncommon trap: reason=unstable_if action=reinterpret pc=0x000000000389a1f4 method=java.lang.ref.SoftReference.get()Ljava/lang/Object; @ 6
Event: 2513.582 Thread 0x000000002026d800 Uncommon trap: reason=unstable_if action=reinterpret pc=0x0000000003e2e69c method=java.lang.ref.SoftReference.get()Ljava/lang/Object; @ 6
Event: 2513.584 Thread 0x000000002026d800 Uncommon trap: reason=unstable_if action=reinterpret pc=0x0000000003932444 method=java.lang.ref.SoftReference.get()Ljava/lang/Object; @ 6
Event: 2513.584 Thread 0x000000002026d800 Uncommon trap: reason=unstable_if action=reinterpret pc=0x0000000003345d5c method=java.lang.ref.SoftReference.get()Ljava/lang/Object; @ 6
Event: 2513.628 Thread 0x000000002026d800 Uncommon trap: reason=unstable_if action=reinterpret pc=0x0000000003ffe32c method=java.lang.ref.SoftReference.get()Ljava/lang/Object; @ 6
Event: 2513.636 Thread 0x000000002026d800 Uncommon trap: reason=unstable_if action=reinterpret pc=0x0000000003549cd4 method=java.lang.ref.SoftReference.get()Ljava/lang/Object; @ 6
Event: 2513.764 Thread 0x000000002026d800 Uncommon trap: reason=unstable_if action=reinterpret pc=0x0000000003ee7b84 method=java.lang.ref.SoftReference.get()Ljava/lang/Object; @ 6
Event: 2513.852 Thread 0x000000002026d800 Uncommon trap: reason=unstable_if action=reinterpret pc=0x0000000003dd11d4 method=com.google.common.collect.MapMakerInternalMap$Segment.getEntry(Ljava/lang/Object;I)Lcom/google/common/collect/MapMakerInternalMap$ReferenceEntry; @ 40
Event: 2513.853 Thread 0x000000002026d800 Uncommon trap: reason=unstable_if action=reinterpret pc=0x00000000043867b8 method=com.google.common.collect.MapMakerInternalMap$Segment.getEntry(Ljava/lang/Object;I)Lcom/google/common/collect/MapMakerInternalMap$ReferenceEntry; @ 40

Internal exceptions (10 events):
Event: 2513.634 Thread 0x000000002026d800 Exception <a 'java/lang/ClassNotFoundException': asLocalRepo913_8l6i2554fgqkgq97g3sx39m9hBeanInfo> (0x00000000e0d61730) thrown at [C:\src\android\AOSP-openjdk\external\jetbrains\jdk\hotspot\src\share\vm\classfile\systemDictionary.cpp, line 210]
Event: 2513.635 Thread 0x000000002026d800 Exception <a 'java/lang/ClassNotFoundException': asLocalRepo913_8l6i2554fgqkgq97g3sx39m9hCustomizer> (0x00000000e0d6b2c8) thrown at [C:\src\android\AOSP-openjdk\external\jetbrains\jdk\hotspot\src\share\vm\classfile\systemDictionary.cpp, line 210]
Event: 2513.635 Thread 0x000000002026d800 Implicit null exception at 0x00000000035445c6 to 0x0000000003549cad
Event: 2513.696 Thread 0x000000002026d800 Exception <a 'java/lang/ClassNotFoundException': groovy/runtime/metaclass/[Ljava/lang/String;MetaClass> (0x00000000e0fd9c58) thrown at [C:\src\android\AOSP-openjdk\external\jetbrains\jdk\hotspot\src\share\vm\prims\jni.cpp, line 735]
Event: 2513.751 Thread 0x000000002026d800 Exception <a 'java/lang/SecurityException'> (0x00000000e10d34e8) thrown at [C:\src\android\AOSP-openjdk\external\jetbrains\jdk\hotspot\src\share\vm\prims\jvm.cpp, line 1390]
Event: 2513.764 Thread 0x000000002026d800 Implicit null exception at 0x0000000003ee20c4 to 0x0000000003ee7b51
Event: 2513.829 Thread 0x000000002026d800 Exception <a 'java/lang/ClassNotFoundException': settings_6xq8yp247lk0e264ljpf9jmgsBeanInfo> (0x00000000e1456270) thrown at [C:\src\android\AOSP-openjdk\external\jetbrains\jdk\hotspot\src\share\vm\classfile\systemDictionary.cpp, line 210]
Event: 2513.830 Thread 0x000000002026d800 Exception <a 'java/lang/ClassNotFoundException': settings_6xq8yp247lk0e264ljpf9jmgsCustomizer> (0x00000000e145fbb0) thrown at [C:\src\android\AOSP-openjdk\external\jetbrains\jdk\hotspot\src\share\vm\classfile\systemDictionary.cpp, line 210]
Event: 2513.852 Thread 0x000000002026d800 Implicit null exception at 0x0000000003dd0b1a to 0x0000000003dd11b1
Event: 2513.853 Thread 0x000000002026d800 Implicit null exception at 0x0000000004386501 to 0x00000000043867a5

Events (10 events):
Event: 2513.852 Thread 0x000000002026d800 DEOPT UNPACKING pc=0x0000000002c7556a sp=0x000000001a87cb88 mode 2
Event: 2513.853 Thread 0x000000002026d800 Uncommon trap: trap_request=0xffffff65 fr.pc=0x00000000043867b8
Event: 2513.853 Thread 0x000000002026d800 DEOPT PACKING pc=0x00000000043867b8 sp=0x000000001a87cbc0
Event: 2513.853 Thread 0x000000002026d800 DEOPT UNPACKING pc=0x0000000002c7556a sp=0x000000001a87cb60 mode 2
Event: 2513.913 loading class asLocalRepo913_8l6i2554fgqkgq97g3sx39m9h$_run_closure1$_closure2
Event: 2513.913 loading class asLocalRepo913_8l6i2554fgqkgq97g3sx39m9h$_run_closure1$_closure2 done
Event: 2513.914 loading class groovy/runtime/metaclass/asLocalRepo913_8l6i2554fgqkgq97g3sx39m9h$_run_closure1$_closure2MetaClass
Event: 2513.914 loading class groovy/runtime/metaclass/asLocalRepo913_8l6i2554fgqkgq97g3sx39m9h$_run_closure1$_closure2MetaClass done
Event: 2513.915 loading class groovy/runtime/metaclass/org/gradle/api/internal/project/DefaultProject_DecoratedMetaClass
Event: 2513.915 loading class groovy/runtime/metaclass/org/gradle/api/internal/project/DefaultProject_DecoratedMetaClass done


Dynamic libraries:
0x00007ff79a410000 - 0x00007ff79a441000 	G:\InstalledPrograms\Android\Android Studio\jre\bin\java.exe
0x00007ff957d80000 - 0x00007ff957f2c000 	C:\WINDOWS\SYSTEM32\ntdll.dll
0x00007ff955c20000 - 0x00007ff955d5e000 	C:\WINDOWS\system32\KERNEL32.DLL
0x00007ff955280000 - 0x00007ff955395000 	C:\WINDOWS\system32\KERNELBASE.dll
0x00007ff957b10000 - 0x00007ff957bba000 	C:\WINDOWS\system32\ADVAPI32.dll
0x00007ff957880000 - 0x00007ff9579f7000 	C:\WINDOWS\system32\USER32.dll
0x00007ff9526a0000 - 0x00007ff95291b000 	C:\WINDOWS\WinSxS\amd64_microsoft.windows.common-controls_6595b64144ccf1df_6.0.9600.17415_none_6240486fecbd8abb\COMCTL32.dll
0x00007ff955ec0000 - 0x00007ff955f6a000 	C:\WINDOWS\system32\msvcrt.dll
0x00007ff957d20000 - 0x00007ff957d79000 	C:\WINDOWS\SYSTEM32\sechost.dll
0x00007ff957bc0000 - 0x00007ff957d01000 	C:\WINDOWS\system32\RPCRT4.dll
0x00007ff955d60000 - 0x00007ff955eb1000 	C:\WINDOWS\system32\GDI32.dll
0x00007ff957a00000 - 0x00007ff957a36000 	C:\WINDOWS\system32\IMM32.DLL
0x00007ff9554c0000 - 0x00007ff955611000 	C:\WINDOWS\system32\MSCTF.dll
0x000000006c820000 - 0x000000006c8f2000 	G:\InstalledPrograms\Android\Android Studio\jre\jre\bin\msvcr100.dll
0x000000006c900000 - 0x000000006d134000 	G:\InstalledPrograms\Android\Android Studio\jre\jre\bin\server\jvm.dll
0x00007ff94c720000 - 0x00007ff94c729000 	C:\WINDOWS\SYSTEM32\WSOCK32.dll
0x00007ff947570000 - 0x00007ff947592000 	C:\WINDOWS\SYSTEM32\WINMM.dll
0x00007ff94db60000 - 0x00007ff94db6a000 	C:\WINDOWS\SYSTEM32\VERSION.dll
0x00007ff955980000 - 0x00007ff955987000 	C:\WINDOWS\system32\PSAPI.DLL
0x00007ff957820000 - 0x00007ff95787a000 	C:\WINDOWS\system32\WS2_32.dll
0x00007ff9474b0000 - 0x00007ff9474da000 	C:\WINDOWS\SYSTEM32\WINMMBASE.dll
0x00007ff955a10000 - 0x00007ff955a19000 	C:\WINDOWS\system32\NSI.dll
0x00007ff954fa0000 - 0x00007ff954fef000 	C:\WINDOWS\SYSTEM32\cfgmgr32.dll
0x00007ff953cd0000 - 0x00007ff953cf8000 	C:\WINDOWS\SYSTEM32\DEVOBJ.dll
0x00007ff951260000 - 0x00007ff95126f000 	G:\InstalledPrograms\Android\Android Studio\jre\jre\bin\verify.dll
0x00007ff947770000 - 0x00007ff947799000 	G:\InstalledPrograms\Android\Android Studio\jre\jre\bin\java.dll
0x00007ff94a020000 - 0x00007ff94a036000 	G:\InstalledPrograms\Android\Android Studio\jre\jre\bin\zip.dll
0x00007ff956120000 - 0x00007ff957639000 	C:\WINDOWS\system32\SHELL32.dll
0x00007ff955630000 - 0x00007ff955841000 	C:\WINDOWS\SYSTEM32\combase.dll
0x00007ff955990000 - 0x00007ff9559e4000 	C:\WINDOWS\system32\SHLWAPI.dll
0x00007ff953220000 - 0x00007ff9532d2000 	C:\WINDOWS\SYSTEM32\SHCORE.dll
0x00007ff954ed0000 - 0x00007ff954ee5000 	C:\WINDOWS\SYSTEM32\profapi.dll
0x00007ff947750000 - 0x00007ff94776a000 	G:\InstalledPrograms\Android\Android Studio\jre\jre\bin\net.dll
0x00007ff954740000 - 0x00007ff954799000 	C:\WINDOWS\system32\mswsock.dll
0x00007ff947520000 - 0x00007ff947531000 	G:\InstalledPrograms\Android\Android Studio\jre\jre\bin\nio.dll
0x00007ff9474e0000 - 0x00007ff9474f2000 	C:\Users\Haseeb\.gradle\native\19\windows-amd64\native-platform.dll
0x00007ff9547a0000 - 0x00007ff9547c0000 	C:\WINDOWS\SYSTEM32\CRYPTSP.dll
0x00007ff9543c0000 - 0x00007ff9543f6000 	C:\WINDOWS\system32\rsaenh.dll
0x00007ff9549f0000 - 0x00007ff954a16000 	C:\WINDOWS\SYSTEM32\bcrypt.dll
0x00007ff9544d0000 - 0x00007ff9544f1000 	C:\WINDOWS\SYSTEM32\USERENV.dll
0x00007ff954d30000 - 0x00007ff954d93000 	C:\WINDOWS\system32\bcryptprimitives.dll
0x00007ff954da0000 - 0x00007ff954dab000 	C:\WINDOWS\SYSTEM32\CRYPTBASE.dll
0x00007ff94f620000 - 0x00007ff94f64a000 	C:\WINDOWS\SYSTEM32\IPHLPAPI.DLL
0x00007ff94f600000 - 0x00007ff94f60a000 	C:\WINDOWS\SYSTEM32\WINNSI.DLL
0x00007ff94f0f0000 - 0x00007ff94f106000 	C:\WINDOWS\SYSTEM32\dhcpcsvc6.DLL
0x00007ff94f2c0000 - 0x00007ff94f2da000 	C:\WINDOWS\SYSTEM32\dhcpcsvc.DLL
0x00007ff94a0c0000 - 0x00007ff94a0cd000 	G:\InstalledPrograms\Android\Android Studio\jre\jre\bin\management.dll

VM Arguments:
jvm_args: -Xmx1536m -Dfile.encoding=windows-1252 -Duser.country=US -Duser.language=en -Duser.variant 
java_command: org.gradle.launcher.daemon.bootstrap.GradleDaemon 2.14.1
java_class_path (initial): G:\InstalledPrograms\Android\Android Studio\gradle\gradle-2.14.1\lib\gradle-launcher-2.14.1.jar
Launcher Type: SUN_STANDARD

Environment Variables:
PATH=C:\Program Files (x86)\Intel\iCLS Client\;C:\Program Files\Intel\iCLS Client\;C:\WINDOWS\system32;C:\WINDOWS;C:\WINDOWS\System32\Wbem;C:\WINDOWS\System32\WindowsPowerShell\v1.0\;C:\Program Files\Intel\Intel(R) Management Engine Components\DAL;C:\Program Files (x86)\Intel\Intel(R) Management Engine Components\DAL;C:\Program Files\Intel\Intel(R) Management Engine Components\IPT;C:\Program Files (x86)\Intel\Intel(R) Management Engine Components\IPT;C:\WINDOWS\system32\config\systemprofile\.dnx\bin;C:\Program Files\Microsoft DNX\Dnvm\;C:\Program Files (x86)\Intel\iCLS Client\;C:\Program Files\Intel\iCLS Client\;C:\WINDOWS\system32;C:\WINDOWS;C:\WINDOWS\System32\Wbem;C:\WINDOWS\System32\WindowsPowerShell\v1.0\;C:\Program Files\Intel\Intel(R) Management Engine Components\DAL;C:\Program Files (x86)\Intel\Intel(R) Management Engine Components\DAL;C:\Program Files\Intel\Intel(R) Management Engine Components\IPT;C:\Program Files (x86)\Intel\Intel(R) Management Engine Components\IPT;C:\Users\Haseeb\AppData\Local\atom\bin;C:\Python27
USERNAME=Haseeb
OS=Windows_NT
PROCESSOR_IDENTIFIER=Intel64 Family 6 Model 61 Stepping 4, GenuineIntel



---------------  S Y S T E M  ---------------

OS: Windows 8.1 , 64 bit Build 9600 (6.3.9600.17415)

CPU:total 4 (2 cores per cpu, 2 threads per core) family 6 model 61 stepping 4, cmov, cx8, fxsr, mmx, sse, sse2, sse3, ssse3, sse4.1, sse4.2, popcnt, avx, avx2, aes, clmul, erms, 3dnowpref, lzcnt, ht, tsc, tscinvbit, bmi1, bmi2, adx

Memory: 4k page, physical 4107804k(823348k free), swap 5489436k(5236k free)

vm_info: OpenJDK 64-Bit Server VM (25.76-b03) for windows-amd64 JRE (1.8.0_76-release-b03), built on Jun 29 2016 19:09:20 by "ralucas" with MS VC++ 10.0 (VS2010)

time: Wed Feb 22 03:44:42 2017
elapsed time: 2514 seconds (0d 0h 41m 54s)

